<?xml version="1.0" encoding="UTF-8"?>
<!-- Generated by org.testng.reporters.JUnitReportReporter -->
<testsuite hostname="WKWZTjA3JR7aEtk" failures="0" tests="5" name="day5.SeleniumGridDemo2" time="71.790" errors="0" timestamp="2022-11-24T15:26:06 IST" skipped="0">
  <testcase classname="day5.SeleniumGridDemo2" name="testURL" time="15.566"/>
  <system-out/>
  <testcase classname="day5.SeleniumGridDemo2" name="testURL" time="13.746"/>
  <system-out/>
  <testcase classname="day5.SeleniumGridDemo2" name="testURL" time="13.763"/>
  <system-out/>
  <testcase classname="day5.SeleniumGridDemo2" name="testURL" time="14.256"/>
  <system-out/>
  <testcase classname="day5.SeleniumGridDemo2" name="testURL" time="14.459"/>
  <system-out/>
</testsuite> <!-- day5.SeleniumGridDemo2 -->
