<?xml version="1.0" encoding="UTF-8"?>
<!-- Generated by org.testng.reporters.JUnitReportReporter -->
<testsuite hostname="WKWZTjA3JR7aEtk" failures="0" tests="1" name="Chrome.OrangeHRM" time="11.762" errors="0" timestamp="2022-11-22T17:50:20 IST" skipped="0">
  <testcase classname="Chrome.OrangeHRM" name="Orange" time="11.762"/>
  <system-out/>
</testsuite> <!-- Chrome.OrangeHRM -->
