<?xml version="1.0" encoding="UTF-8"?>
<!-- Generated by org.testng.reporters.JUnitReportReporter -->
<testsuite hostname="WKWZTjA3JR7aEtk" failures="0" tests="1" name="day2.HandleDynamicElements2" time="20.397" errors="0" timestamp="2022-11-22T19:01:24 IST" skipped="0">
  <testcase classname="day2.HandleDynamicElements2" name="Handle" time="20.397"/>
  <system-out/>
</testsuite> <!-- day2.HandleDynamicElements2 -->
