<?xml version="1.0" encoding="UTF-8"?>
<!-- Generated by org.testng.reporters.JUnitReportReporter -->
<testsuite hostname="WKWZTjA3JR7aEtk" failures="0" tests="4" name="day3.MyFirstTestNG" time="0.002" errors="0" timestamp="2022-11-22T19:01:24 IST" skipped="0">
  <testcase classname="day3.MyFirstTestNG" name="login" time="0.000"/>
  <system-out/>
  <testcase classname="day3.MyFirstTestNG" name="createAccount" time="0.002"/>
  <system-out/>
  <testcase classname="day3.MyFirstTestNG" name="deleteAccount" time="0.000"/>
  <system-out/>
  <testcase classname="day3.MyFirstTestNG" name="logout" time="0.000"/>
  <system-out/>
</testsuite> <!-- day3.MyFirstTestNG -->
