<?xml version="1.0" encoding="UTF-8"?>
<!-- Generated by org.testng.reporters.JUnitReportReporter -->
<testsuite hostname="WKWZTjA3JR7aEtk" failures="0" tests="1" name="day4.ReadingExcel" time="0.490" errors="0" timestamp="2022-11-23T11:58:57 IST" skipped="0">
  <testcase classname="day4.ReadingExcel" name="testData" time="0.490"/>
  <system-out/>
</testsuite> <!-- day4.ReadingExcel -->
