<?xml version="1.0" encoding="UTF-8"?>
<!-- Generated by org.testng.reporters.JUnitReportReporter -->
<testsuite hostname="WKWZTjA3JR7aEtk" failures="0" tests="1" name="Chrome.ChromeDriverDemo" time="4.572" errors="0" timestamp="2022-11-22T17:42:55 IST" skipped="0">
  <testcase classname="Chrome.ChromeDriverDemo" name="ChromeDemo" time="4.572"/>
  <system-out/>
</testsuite> <!-- Chrome.ChromeDriverDemo -->
