<?xml version="1.0" encoding="UTF-8"?>
<!-- Generated by org.testng.reporters.JUnitReportReporter -->
<testsuite hostname="WKWZTjA3JR7aEtk" failures="0" tests="1" name="day1.ChromeDriverDemo" time="5.840" errors="0" timestamp="2022-11-22T19:01:24 IST" skipped="0">
  <testcase classname="day1.ChromeDriverDemo" name="ChromeDemo" time="5.840"/>
  <system-out/>
</testsuite> <!-- day1.ChromeDriverDemo -->
