<?xml version="1.0" encoding="UTF-8"?>
<!-- Generated by org.testng.reporters.JUnitReportReporter -->
<testsuite hostname="WKWZTjA3JR7aEtk" failures="0" tests="1" name="day4.ReadingExcel1" time="0.459" errors="0" timestamp="2022-11-23T12:18:46 IST" skipped="0">
  <testcase classname="day4.ReadingExcel1" name="testData" time="0.459"/>
  <system-out/>
</testsuite> <!-- day4.ReadingExcel1 -->
