<?xml version="1.0" encoding="UTF-8"?>
<!-- Generated by org.testng.reporters.JUnitReportReporter -->
<testsuite hostname="WKWZTjA3JR7aEtk" failures="0" tests="1" name="day2.Task1" time="4.341" errors="0" timestamp="2022-11-22T19:01:24 IST" skipped="0">
  <testcase classname="day2.Task1" name="datepicker" time="4.341"/>
  <system-out/>
</testsuite> <!-- day2.Task1 -->
