<?xml version="1.0" encoding="UTF-8"?>
<!-- Generated by org.testng.reporters.JUnitReportReporter -->
<testsuite hostname="WKWZTjA3JR7aEtk" failures="0" tests="1" name="day5.FileUpload" time="9.022" errors="0" timestamp="2022-11-24T15:28:43 IST" skipped="0">
  <testcase classname="day5.FileUpload" name="test" time="9.022"/>
  <system-out/>
</testsuite> <!-- day5.FileUpload -->
