<?xml version="1.0" encoding="UTF-8"?>
<!-- Generated by org.testng.reporters.JUnitReportReporter -->
<testsuite hostname="WKWZTjA3JR7aEtk" failures="0" tests="1" name="Chrome.Scrpit2" time="2.580" errors="0" timestamp="2022-11-22T17:53:47 IST" skipped="0">
  <testcase classname="Chrome.Scrpit2" name="Script2" time="2.580"/>
  <system-out/>
</testsuite> <!-- Chrome.Scrpit2 -->
