<?xml version="1.0" encoding="UTF-8"?>
<!-- Generated by org.testng.reporters.JUnitReportReporter -->
<testsuite hostname="WKWZTjA3JR7aEtk" failures="0" tests="5" name="day5.SeleniumGridDemo" time="82.553" errors="0" timestamp="2022-11-24T12:01:03 IST" skipped="0">
  <testcase classname="day5.SeleniumGridDemo" name="testURL" time="14.006"/>
  <system-out/>
  <testcase classname="day5.SeleniumGridDemo" name="testURL" time="13.372"/>
  <system-out/>
  <testcase classname="day5.SeleniumGridDemo" name="testURL" time="14.278"/>
  <system-out/>
  <testcase classname="day5.SeleniumGridDemo" name="testURL" time="25.981"/>
  <system-out/>
  <testcase classname="day5.SeleniumGridDemo" name="testURL" time="14.916"/>
  <system-out/>
</testsuite> <!-- day5.SeleniumGridDemo -->
