<?xml version="1.0" encoding="UTF-8"?>
<!-- Generated by org.testng.reporters.JUnitReportReporter -->
<testsuite hostname="WKWZTjA3JR7aEtk" failures="0" tests="1" name="day1.OrangeHRM" time="10.729" errors="0" timestamp="2022-11-23T16:30:33 IST" skipped="0">
  <testcase classname="day1.OrangeHRM" name="Orange" time="10.729"/>
  <system-out/>
</testsuite> <!-- day1.OrangeHRM -->
