<?xml version="1.0" encoding="UTF-8"?>
<!-- Generated by org.testng.reporters.JUnitReportReporter -->
<testsuite hostname="WKWZTjA3JR7aEtk" failures="0" tests="1" name="day1.ChromeDriverDemo" time="6.100" errors="0" timestamp="2022-11-23T16:30:33 IST" skipped="0">
  <testcase classname="day1.ChromeDriverDemo" name="ChromeDemo" time="6.100"/>
  <system-out/>
</testsuite> <!-- day1.ChromeDriverDemo -->
