<?xml version="1.0" encoding="UTF-8"?>
<!-- Generated by org.testng.reporters.JUnitReportReporter -->
<testsuite hostname="WKWZTjA3JR7aEtk" failures="0" tests="1" name="day2.Task1" time="5.061" errors="0" timestamp="2022-11-23T16:30:33 IST" skipped="0">
  <testcase classname="day2.Task1" name="datepicker" time="5.061"/>
  <system-out/>
</testsuite> <!-- day2.Task1 -->
