<?xml version="1.0" encoding="UTF-8"?>
<!-- Generated by org.testng.reporters.JUnitReportReporter -->
<testsuite hostname="WKWZTjA3JR7aEtk" failures="0" tests="1" name="day1.Scrpit2" time="2.317" errors="0" timestamp="2022-11-23T16:30:33 IST" skipped="0">
  <testcase classname="day1.Scrpit2" name="Script2" time="2.317"/>
  <system-out/>
</testsuite> <!-- day1.Scrpit2 -->
