<?xml version="1.0" encoding="UTF-8"?>
<!-- Generated by org.testng.reporters.JUnitReportReporter -->
<testsuite hostname="WKWZTjA3JR7aEtk" failures="0" tests="1" name="day2.HandleDynamicElements2" time="19.682" errors="0" timestamp="2022-11-23T16:30:33 IST" skipped="0">
  <testcase classname="day2.HandleDynamicElements2" name="Handle" time="19.682"/>
  <system-out/>
</testsuite> <!-- day2.HandleDynamicElements2 -->
