<?xml version="1.0" encoding="UTF-8"?>
<!-- Generated by org.testng.reporters.JUnitReportReporter -->
<testsuite hostname="WKWZTjA3JR7aEtk" failures="0" tests="1" name="day2.Task2" time="6.412" errors="0" timestamp="2022-11-23T16:30:33 IST" skipped="0">
  <testcase classname="day2.Task2" name="date26" time="6.412"/>
  <system-out/>
</testsuite> <!-- day2.Task2 -->
